0 info it worked if it ends with ok
1 verbose cli [ '/usr/local/Cellar/node/0.10.26/bin/node',
1 verbose cli   '/usr/local/bin/npm',
1 verbose cli   'install',
1 verbose cli   'jshint-sylish' ]
2 info using npm@1.4.3
3 info using node@v0.10.26
4 warn package.json mean@0.0.0 No description
5 warn package.json mean@0.0.0 No repository field.
6 warn package.json mean@0.0.0 No README data
7 verbose readDependencies using package.json deps
8 verbose cache add [ 'jshint-sylish', null ]
9 verbose cache add name=undefined spec="jshint-sylish" args=["jshint-sylish",null]
10 verbose parsed url { protocol: null,
10 verbose parsed url   slashes: null,
10 verbose parsed url   auth: null,
10 verbose parsed url   host: null,
10 verbose parsed url   port: null,
10 verbose parsed url   hostname: null,
10 verbose parsed url   hash: null,
10 verbose parsed url   search: null,
10 verbose parsed url   query: null,
10 verbose parsed url   pathname: 'jshint-sylish',
10 verbose parsed url   path: 'jshint-sylish',
10 verbose parsed url   href: 'jshint-sylish' }
11 silly lockFile 687d558f-jshint-sylish jshint-sylish
12 verbose lock jshint-sylish /Users/shedelj/.npm/687d558f-jshint-sylish.lock
13 silly lockFile 687d558f-jshint-sylish jshint-sylish
14 silly lockFile 687d558f-jshint-sylish jshint-sylish
15 verbose addNamed [ 'jshint-sylish', '' ]
16 verbose addNamed [ null, '*' ]
17 silly lockFile 5b64a850-jshint-sylish jshint-sylish@
18 verbose lock jshint-sylish@ /Users/shedelj/.npm/5b64a850-jshint-sylish.lock
19 silly addNameRange { name: 'jshint-sylish', range: '*', hasData: false }
20 verbose url raw jshint-sylish
21 verbose url resolving [ 'https://registry.npmjs.org/', './jshint-sylish' ]
22 verbose url resolved https://registry.npmjs.org/jshint-sylish
23 info trying registry request attempt 1 at 13:45:37
24 http GET https://registry.npmjs.org/jshint-sylish
25 http 404 https://registry.npmjs.org/jshint-sylish
26 silly registry.get cb [ 404,
26 silly registry.get   { date: 'Sat, 05 Apr 2014 20:45:38 GMT',
26 silly registry.get     server: 'CouchDB/1.5.0 (Erlang OTP/R16B)',
26 silly registry.get     'content-type': 'application/json',
26 silly registry.get     via: '1.1 varnish',
26 silly registry.get     'cache-control': 'max-age=0',
26 silly registry.get     'content-length': '52',
26 silly registry.get     'accept-ranges': 'bytes',
26 silly registry.get     age: '0',
26 silly registry.get     'x-served-by': 'cache-v43-ASH, cache-lax1421-LAX',
26 silly registry.get     'x-cache': 'MISS, MISS',
26 silly registry.get     'x-cache-hits': '0, 0',
26 silly registry.get     'x-timer': 'S1396730738.376213074,VS0,VS32,VE50,VE82',
26 silly registry.get     'keep-alive': 'timeout=10, max=50',
26 silly registry.get     connection: 'Keep-Alive' } ]
27 silly lockFile 5b64a850-jshint-sylish jshint-sylish@
28 silly lockFile 5b64a850-jshint-sylish jshint-sylish@
29 error 404 'jshint-sylish' is not in the npm registry.
29 error 404 You should bug the author to publish it
29 error 404 It was specified as a dependency of 'mean'
29 error 404
29 error 404 Note that you can also install from a
29 error 404 tarball, folder, or http url, or git url.
30 error System Darwin 13.1.0
31 error command "/usr/local/Cellar/node/0.10.26/bin/node" "/usr/local/bin/npm" "install" "jshint-sylish"
32 error cwd /Users/shedelj/Code/wheresthebacon/mean
33 error node -v v0.10.26
34 error npm -v 1.4.3
35 error code E404
36 verbose exit [ 1, true ]
